INSERTION 1 | phase=cleanup_drop anchor_line=20 ends_line=24 in=38906 out=191 time=3.47 cost=0.1307 success=True lines=4
LB_COLUMNS | ['EncounterID', 'Sequence', 'ProcedureCode', 'RevenueCode', 'ServiceDate', 'BilledAmount', 'Quantity', 'ContractYearFrom', 'ContractYearTo', 'ServiceCategory', 'PricingMethod', 'LinePayment', 'BundledByNCCI']
INSERTION 2 | phase=breakdown_block anchor_line=680 ends_line=1296 in=40769 out=13860 time=159.66 cost=0.3414 success=True lines=616
INSERTION 3 | phase=final_join_detail_column anchor_line=1543 ends_line=1557 in=52140 out=496 time=9.72 cost=0.1750 success=True lines=14
INSERTION 4 | phase=auditor_queries anchor_line=1592 ends_line=1672 in=52412 out=1172 time=19.32 cost=0.1860 success=True lines=80
FILE_SUMMARY | NYP_COL_GHI_CBP_Commercial_OP_Complete.sql | insertions=4 success=4 failed=0 input=220935 output=18878 time=240.75 cost=0.9906
ERROR | NYP_COL_GHI_CBP_Commercial_OP_Complete.sql | Error code: 400 - {'type': 'error', 'error': {'type': 'invalid_request_error', 'message': 'You have reached your specified API usage limits. You will regain access on 2026-04-01 at 00:00 UTC.'}, 'request_id': 'req_011CZSnvmkAn538fPSZTMUP5'}
INSERTION 1 | phase=cleanup_drop anchor_line=20 ends_line=24 in=37220 out=191 time=5.16 cost=0.1259 success=True lines=4
LB_COLUMNS | ['EncounterID', 'Sequence', 'ProcedureCode', 'RevenueCode', 'ServiceDate', 'BilledAmount', 'Quantity', 'ContractYearFrom', 'ContractYearTo', 'ServiceCategory', 'PricingMethod', 'LinePayment', 'BundledByNCCI']
INSERTION 2 | phase=breakdown_block anchor_line=686 ends_line=1321 in=39296 out=14264 time=156.15 cost=0.3432 success=True lines=635
INSERTION 3 | phase=final_join_detail_column anchor_line=1559 ends_line=1573 in=50707 out=443 time=8.82 cost=0.1701 success=True lines=14
INSERTION 4 | phase=auditor_queries anchor_line=1611 ends_line=1691 in=50980 out=1182 time=19.87 cost=0.1820 success=True lines=80
FILE_SUMMARY | NYP_COL_GHI_CBP_Commercial_OP_Complete.sql | insertions=4 success=4 failed=0 input=215054 output=17401 time=214.37 cost=0.9515
INSERTION 1 | phase=cleanup_drop anchor_line=20 ends_line=24 in=37242 out=191 time=4.14 cost=0.1260 success=True lines=4
LB_COLUMNS | ['EncounterID', 'Sequence', 'ProcedureCode', 'RevenueCode', 'ServiceDate', 'BilledAmount', 'Quantity', 'ContractYearFrom', 'ContractYearTo', 'ServiceCategory', 'PricingMethod', 'LinePayment', 'BundledByNCCI']
INSERTION 2 | phase=breakdown_block anchor_line=686 ends_line=1333 in=39800 out=14091 time=160.03 cost=0.3421 success=True lines=647
INSERTION 3 | phase=final_join_detail_column anchor_line=1571 ends_line=1585 in=51078 out=443 time=10.29 cost=0.1713 success=True lines=14
INSERTION 4 | phase=auditor_queries anchor_line=1623 ends_line=1702 in=51351 out=1156 time=18.52 cost=0.1828 success=True lines=79
FILE_SUMMARY | NYP_COL_GHI_CBP_Commercial_OP_Complete.sql | insertions=4 success=4 failed=0 input=216322 output=17220 time=215.99 cost=0.9528
INSERTION 1 | phase=cleanup_drop anchor_line=20 ends_line=24 in=37316 out=191 time=4.39 cost=0.1263 success=True lines=4
LB_COLUMNS | ['EncounterID', 'Sequence', 'ProcedureCode', 'RevenueCode', 'ServiceDate', 'BilledAmount', 'Quantity', 'ContractYearFrom', 'ContractYearTo', 'ServiceCategory', 'PricingMethod', 'LinePayment', 'BundledByNCCI']
INSERTION 2 | phase=breakdown_block anchor_line=686 ends_line=1318 in=40218 out=14297 time=165.60 cost=0.3466 success=True lines=632
INSERTION 3 | phase=final_join_detail_column anchor_line=1556 ends_line=1570 in=50835 out=443 time=8.52 cost=0.1707 success=True lines=14
INSERTION 4 | phase=auditor_queries anchor_line=1608 ends_line=1688 in=51108 out=1176 time=24.12 cost=0.1825 success=True lines=80
FILE_SUMMARY | NYP_COL_GHI_CBP_Commercial_OP_Complete.sql | insertions=4 success=4 failed=0 input=216472 output=17545 time=228.81 cost=0.9587
CLASSIFICATION_WARNING | HYBRID_WRONG | 'implants' is in hybrid_categories but raw evidence is AGGREGATE_DATE=SUM, AGGREGATE_ENC=SUM. Re-check: expected AGGREGATE_DATE=MAX, AGGREGATE_ENC=SUM.
CLASSIFICATION_WARNING | HYBRID_WRONG | 'as_default' is in hybrid_categories but raw evidence is AGGREGATE_DATE=SUM, AGGREGATE_ENC=SUM. Re-check: expected AGGREGATE_DATE=MAX, AGGREGATE_ENC=SUM.
CLASSIFICATION_WARNING | HYBRID_WRONG | 'lab' is in hybrid_categories but raw evidence is AGGREGATE_DATE=SUM, AGGREGATE_ENC=SUM. Re-check: expected AGGREGATE_DATE=MAX, AGGREGATE_ENC=SUM.
CLASSIFICATION_WARNING | HYBRID_WRONG | 'hyperbaric' is in hybrid_categories but raw evidence is AGGREGATE_DATE=SUM, AGGREGATE_ENC=SUM. Re-check: expected AGGREGATE_DATE=MAX, AGGREGATE_ENC=SUM.
CLASSIFICATION_WARNING | HYBRID_WRONG | 'drugs' is in hybrid_categories but raw evidence is AGGREGATE_DATE=SUM, AGGREGATE_ENC=SUM. Re-check: expected AGGREGATE_DATE=MAX, AGGREGATE_ENC=SUM.
CLASSIFICATION_WARNING | HYBRID_WRONG | 'fee_schedule' is in hybrid_categories but raw evidence is AGGREGATE_DATE=SUM, AGGREGATE_ENC=SUM. Re-check: expected AGGREGATE_DATE=MAX, AGGREGATE_ENC=SUM.
CLASSIFICATION_WARNING | HYBRID_WRONG | 'miscellaneous' is in hybrid_categories but raw evidence is AGGREGATE_DATE=SUM, AGGREGATE_ENC=SUM. Re-check: expected AGGREGATE_DATE=MAX, AGGREGATE_ENC=SUM.
CLASSIFICATION_WARNING | HYBRID_WRONG | 'blood' is in hybrid_categories but raw evidence is AGGREGATE_DATE=SUM, AGGREGATE_ENC=SUM. Re-check: expected AGGREGATE_DATE=MAX, AGGREGATE_ENC=SUM.
CLASSIFICATION_WARNING | HYBRID_WRONG | 'iv_therapy' is in hybrid_categories but raw evidence is AGGREGATE_DATE=SUM, AGGREGATE_ENC=SUM. Re-check: expected AGGREGATE_DATE=MAX, AGGREGATE_ENC=SUM.
CLASSIFICATION_WARNING | HYBRID_WRONG | 'op_default' is in hybrid_categories but raw evidence is AGGREGATE_DATE=SUM, AGGREGATE_ENC=SUM. Re-check: expected AGGREGATE_DATE=MAX, AGGREGATE_ENC=SUM.
CLASSIFICATION_WARNING | HYBRID_WRONG | 'clinic' is in hybrid_categories but raw evidence is AGGREGATE_DATE=SUM, AGGREGATE_ENC=SUM. Re-check: expected AGGREGATE_DATE=MAX, AGGREGATE_ENC=SUM.
CLASSIFICATION_WARNING | HYBRID_WRONG | 'mammography_noreduction' is in hybrid_categories but raw evidence is AGGREGATE_DATE=SUM, AGGREGATE_ENC=SUM. Re-check: expected AGGREGATE_DATE=MAX, AGGREGATE_ENC=SUM.
INSERTION 1 | phase=cleanup_drop anchor_line=20 ends_line=24 in=38929 out=191 time=4.15 cost=0.1307 success=True lines=4
RN_CONSISTENCY_FAIL | ['rn_X']
RN_CONSISTENCY_FAIL_RETRY | ['rn_X']
LB_COLUMNS | ['EncounterID', 'Sequence', 'ProcedureCode', 'RevenueCode', 'ServiceDate', 'BilledAmount', 'Quantity', 'ServiceCategory', 'PricingMethod', 'LinePayment', 'BundledByNCCI']
INSERTION 2 | phase=breakdown_block anchor_line=680 ends_line=1237 in=42309 out=13818 time=152.58 cost=0.3452 success=True lines=557
INSERTION 3 | phase=final_join_detail_column anchor_line=1481 ends_line=1495 in=49537 out=443 time=9.30 cost=0.1663 success=True lines=14
INSERTION 4 | phase=auditor_queries anchor_line=1533 ends_line=1608 in=49810 out=1104 time=18.63 cost=0.1770 success=True lines=75
FILE_SUMMARY | NYP_COL_GHI_CBP_Commercial_OP_Complete.sql | insertions=4 success=4 failed=0 input=260597 output=29308 time=344.79 cost=1.2876
FATAL | INDICATOR_IN_MAX | 'covid' is in both indicator_flag_categories and max_categories. INDICATOR_FLAG categories must not appear in max_categories.
FATAL | HYBRID_MISS | 'cardiac_cath' is MAX in AGGREGATE_DATE but SUM in AGGREGATE_ENC — must be in hybrid_categories. Currently declared as: sum_categories. If left as SUM, LinePayment pays every line instead of one winner per date, causing overpayment invisible to reconciliation.
FATAL | HYBRID_MISS | 'ptca' is MAX in AGGREGATE_DATE but SUM in AGGREGATE_ENC — must be in hybrid_categories. Currently declared as: sum_categories. If left as SUM, LinePayment pays every line instead of one winner per date, causing overpayment invisible to reconciliation.
FATAL | HYBRID_MISS | 'lithotripsy' is MAX in AGGREGATE_DATE but SUM in AGGREGATE_ENC — must be in hybrid_categories. Currently declared as: sum_categories. If left as SUM, LinePayment pays every line instead of one winner per date, causing overpayment invisible to reconciliation.
FATAL | HYBRID_WRONG | 'eps' is in hybrid_categories but evidence is AGGREGATE_DATE=MAX, AGGREGATE_ENC=MAX. Expected AGGREGATE_DATE=MAX, AGGREGATE_ENC=SUM.
FATAL | SUM_IS_HYBRID | 'cardiac_cath' is in sum_categories but evidence is AGGREGATE_DATE=MAX, AGGREGATE_ENC=SUM — this is HYBRID. Plain SUM LinePayment pays every line instead of one winner per date. Overpayment WILL NOT be caught by reconciliation.
FATAL | SUM_IS_HYBRID | 'ptca' is in sum_categories but evidence is AGGREGATE_DATE=MAX, AGGREGATE_ENC=SUM — this is HYBRID. Plain SUM LinePayment pays every line instead of one winner per date. Overpayment WILL NOT be caught by reconciliation.
FATAL | SUM_IS_HYBRID | 'lithotripsy' is in sum_categories but evidence is AGGREGATE_DATE=MAX, AGGREGATE_ENC=SUM — this is HYBRID. Plain SUM LinePayment pays every line instead of one winner per date. Overpayment WILL NOT be caught by reconciliation.
FATAL | INDICATOR_IN_MAX | 'covid' is in both indicator_flag_categories and max_categories. INDICATOR_FLAG categories must not appear in max_categories.
FATAL | HYBRID_MISS | 'chemotherapy' is MAX in AGGREGATE_DATE but SUM in AGGREGATE_ENC — must be in hybrid_categories. Currently declared as: sum_categories. If left as SUM, LinePayment pays every line instead of one winner per date, causing overpayment invisible to reconciliation.
FATAL | HYBRID_MISS | 'iop' is MAX in AGGREGATE_DATE but SUM in AGGREGATE_ENC — must be in hybrid_categories. Currently declared as: max_categories. If left as SUM, LinePayment pays every line instead of one winner per date, causing overpayment invisible to reconciliation.
FATAL | HYBRID_MISS | 'partial_hospitalization' is MAX in AGGREGATE_DATE but SUM in AGGREGATE_ENC — must be in hybrid_categories. Currently declared as: max_categories. If left as SUM, LinePayment pays every line instead of one winner per date, causing overpayment invisible to reconciliation.
FATAL | HYBRID_MISS | 'observation' is MAX in AGGREGATE_DATE but SUM in AGGREGATE_ENC — must be in hybrid_categories. Currently declared as: max_categories. If left as SUM, LinePayment pays every line instead of one winner per date, causing overpayment invisible to reconciliation.
FATAL | HYBRID_MISS | 'psych' is MAX in AGGREGATE_DATE but SUM in AGGREGATE_ENC — must be in hybrid_categories. Currently declared as: max_categories. If left as SUM, LinePayment pays every line instead of one winner per date, causing overpayment invisible to reconciliation.
FATAL | HYBRID_MISS | 'ect' is MAX in AGGREGATE_DATE but SUM in AGGREGATE_ENC — must be in hybrid_categories. Currently declared as: max_categories. If left as SUM, LinePayment pays every line instead of one winner per date, causing overpayment invisible to reconciliation.
FATAL | HYBRID_MISS | 'home_health' is MAX in AGGREGATE_DATE but SUM in AGGREGATE_ENC — must be in hybrid_categories. Currently declared as: max_categories. If left as SUM, LinePayment pays every line instead of one winner per date, causing overpayment invisible to reconciliation.
FATAL | MAX_IS_SUM | 'observation' is in max_categories but AGGREGATE_ENC uses SUM(). Generated IIF(rn=1) logic will cause underpayment.
FATAL | MAX_IS_SUM | 'psych' is in max_categories but AGGREGATE_ENC uses SUM(). Generated IIF(rn=1) logic will cause underpayment.
FATAL | MAX_IS_SUM | 'iop' is in max_categories but AGGREGATE_ENC uses SUM(). Generated IIF(rn=1) logic will cause underpayment.
FATAL | MAX_IS_SUM | 'ect' is in max_categories but AGGREGATE_ENC uses SUM(). Generated IIF(rn=1) logic will cause underpayment.
FATAL | MAX_IS_SUM | 'partial_hospitalization' is in max_categories but AGGREGATE_ENC uses SUM(). Generated IIF(rn=1) logic will cause underpayment.
FATAL | MAX_IS_SUM | 'home_health' is in max_categories but AGGREGATE_ENC uses SUM(). Generated IIF(rn=1) logic will cause underpayment.
FATAL | SUM_IS_HYBRID | 'chemotherapy' is in sum_categories but evidence is AGGREGATE_DATE=MAX, AGGREGATE_ENC=SUM — this is HYBRID. Plain SUM LinePayment pays every line instead of one winner per date. Overpayment WILL NOT be caught by reconciliation.
FATAL | HYBRID_MISS | 'cardiac_cath' is MAX in AGGREGATE_DATE but SUM in AGGREGATE_ENC — must be in hybrid_categories. Currently declared as: sum_categories. If left as SUM, LinePayment pays every line instead of one winner per date, causing overpayment invisible to reconciliation.
FATAL | HYBRID_MISS | 'ptca' is MAX in AGGREGATE_DATE but SUM in AGGREGATE_ENC — must be in hybrid_categories. Currently declared as: sum_categories. If left as SUM, LinePayment pays every line instead of one winner per date, causing overpayment invisible to reconciliation.
FATAL | HYBRID_MISS | 'lithotripsy' is MAX in AGGREGATE_DATE but SUM in AGGREGATE_ENC — must be in hybrid_categories. Currently declared as: sum_categories. If left as SUM, LinePayment pays every line instead of one winner per date, causing overpayment invisible to reconciliation.
FATAL | SUM_IS_HYBRID | 'cardiac_cath' is in sum_categories but evidence is AGGREGATE_DATE=MAX, AGGREGATE_ENC=SUM — this is HYBRID. Plain SUM LinePayment pays every line instead of one winner per date. Overpayment WILL NOT be caught by reconciliation.
FATAL | SUM_IS_HYBRID | 'ptca' is in sum_categories but evidence is AGGREGATE_DATE=MAX, AGGREGATE_ENC=SUM — this is HYBRID. Plain SUM LinePayment pays every line instead of one winner per date. Overpayment WILL NOT be caught by reconciliation.
FATAL | SUM_IS_HYBRID | 'lithotripsy' is in sum_categories but evidence is AGGREGATE_DATE=MAX, AGGREGATE_ENC=SUM — this is HYBRID. Plain SUM LinePayment pays every line instead of one winner per date. Overpayment WILL NOT be caught by reconciliation.
CLASSIFICATION_ABORT | Classification still has 6 fatal issue(s) after 2 retries — aborting file.
ERROR | NYP_COL_GHI_CBP_Commercial_OP_Complete.sql | Classification still has 6 fatal issue(s) after 2 retries — aborting file.
FATAL | INDICATOR_IN_MAX | 'covid' is in both indicator_flag_categories and max_categories. INDICATOR_FLAG categories must not appear in max_categories.
FATAL | HYBRID_MISS | 'cardiac_cath' is MAX in AGGREGATE_DATE but SUM in AGGREGATE_ENC — must be in hybrid_categories. Currently declared as: sum_categories. If left as SUM, LinePayment pays every line instead of one winner per date, causing overpayment invisible to reconciliation.
FATAL | HYBRID_MISS | 'ptca' is MAX in AGGREGATE_DATE but SUM in AGGREGATE_ENC — must be in hybrid_categories. Currently declared as: sum_categories. If left as SUM, LinePayment pays every line instead of one winner per date, causing overpayment invisible to reconciliation.
FATAL | HYBRID_MISS | 'lithotripsy' is MAX in AGGREGATE_DATE but SUM in AGGREGATE_ENC — must be in hybrid_categories. Currently declared as: sum_categories. If left as SUM, LinePayment pays every line instead of one winner per date, causing overpayment invisible to reconciliation.
FATAL | HYBRID_MISS | 'chemotherapy' is MAX in AGGREGATE_DATE but SUM in AGGREGATE_ENC — must be in hybrid_categories. Currently declared as: sum_categories. If left as SUM, LinePayment pays every line instead of one winner per date, causing overpayment invisible to reconciliation.
FATAL | HYBRID_MISS | 'iop' is MAX in AGGREGATE_DATE but SUM in AGGREGATE_ENC — must be in hybrid_categories. Currently declared as: sum_categories. If left as SUM, LinePayment pays every line instead of one winner per date, causing overpayment invisible to reconciliation.
FATAL | HYBRID_MISS | 'partial_hospitalization' is MAX in AGGREGATE_DATE but SUM in AGGREGATE_ENC — must be in hybrid_categories. Currently declared as: sum_categories. If left as SUM, LinePayment pays every line instead of one winner per date, causing overpayment invisible to reconciliation.
FATAL | HYBRID_MISS | 'observation' is MAX in AGGREGATE_DATE but SUM in AGGREGATE_ENC — must be in hybrid_categories. Currently declared as: sum_categories. If left as SUM, LinePayment pays every line instead of one winner per date, causing overpayment invisible to reconciliation.
FATAL | HYBRID_MISS | 'psych' is MAX in AGGREGATE_DATE but SUM in AGGREGATE_ENC — must be in hybrid_categories. Currently declared as: sum_categories. If left as SUM, LinePayment pays every line instead of one winner per date, causing overpayment invisible to reconciliation.
FATAL | HYBRID_MISS | 'ect' is MAX in AGGREGATE_DATE but SUM in AGGREGATE_ENC — must be in hybrid_categories. Currently declared as: sum_categories. If left as SUM, LinePayment pays every line instead of one winner per date, causing overpayment invisible to reconciliation.
FATAL | HYBRID_MISS | 'home_health' is MAX in AGGREGATE_DATE but SUM in AGGREGATE_ENC — must be in hybrid_categories. Currently declared as: sum_categories. If left as SUM, LinePayment pays every line instead of one winner per date, causing overpayment invisible to reconciliation.
FATAL | SUM_IS_HYBRID | 'iop' is in sum_categories but evidence is AGGREGATE_DATE=MAX, AGGREGATE_ENC=SUM — this is HYBRID. Plain SUM LinePayment pays every line instead of one winner per date. Overpayment WILL NOT be caught by reconciliation.
FATAL | SUM_IS_HYBRID | 'chemotherapy' is in sum_categories but evidence is AGGREGATE_DATE=MAX, AGGREGATE_ENC=SUM — this is HYBRID. Plain SUM LinePayment pays every line instead of one winner per date. Overpayment WILL NOT be caught by reconciliation.
FATAL | SUM_IS_HYBRID | 'psych' is in sum_categories but evidence is AGGREGATE_DATE=MAX, AGGREGATE_ENC=SUM — this is HYBRID. Plain SUM LinePayment pays every line instead of one winner per date. Overpayment WILL NOT be caught by reconciliation.
FATAL | SUM_IS_HYBRID | 'observation' is in sum_categories but evidence is AGGREGATE_DATE=MAX, AGGREGATE_ENC=SUM — this is HYBRID. Plain SUM LinePayment pays every line instead of one winner per date. Overpayment WILL NOT be caught by reconciliation.
FATAL | SUM_IS_HYBRID | 'cardiac_cath' is in sum_categories but evidence is AGGREGATE_DATE=MAX, AGGREGATE_ENC=SUM — this is HYBRID. Plain SUM LinePayment pays every line instead of one winner per date. Overpayment WILL NOT be caught by reconciliation.
FATAL | SUM_IS_HYBRID | 'partial_hospitalization' is in sum_categories but evidence is AGGREGATE_DATE=MAX, AGGREGATE_ENC=SUM — this is HYBRID. Plain SUM LinePayment pays every line instead of one winner per date. Overpayment WILL NOT be caught by reconciliation.
FATAL | SUM_IS_HYBRID | 'ptca' is in sum_categories but evidence is AGGREGATE_DATE=MAX, AGGREGATE_ENC=SUM — this is HYBRID. Plain SUM LinePayment pays every line instead of one winner per date. Overpayment WILL NOT be caught by reconciliation.
FATAL | SUM_IS_HYBRID | 'lithotripsy' is in sum_categories but evidence is AGGREGATE_DATE=MAX, AGGREGATE_ENC=SUM — this is HYBRID. Plain SUM LinePayment pays every line instead of one winner per date. Overpayment WILL NOT be caught by reconciliation.
FATAL | SUM_IS_HYBRID | 'ect' is in sum_categories but evidence is AGGREGATE_DATE=MAX, AGGREGATE_ENC=SUM — this is HYBRID. Plain SUM LinePayment pays every line instead of one winner per date. Overpayment WILL NOT be caught by reconciliation.
FATAL | SUM_IS_HYBRID | 'home_health' is in sum_categories but evidence is AGGREGATE_DATE=MAX, AGGREGATE_ENC=SUM — this is HYBRID. Plain SUM LinePayment pays every line instead of one winner per date. Overpayment WILL NOT be caught by reconciliation.
FATAL | HYBRID_MISS | 'mammography_reduction' is MAX in AGGREGATE_DATE but SUM in AGGREGATE_ENC — must be in hybrid_categories. Currently declared as: unclassified. If left as SUM, LinePayment pays every line instead of one winner per date, causing overpayment invisible to reconciliation.
FATAL | INDICATOR_IN_MAX | 'covid' is in both indicator_flag_categories and max_categories. INDICATOR_FLAG categories must not appear in max_categories.
FATAL | HYBRID_MISS | 'cardiac_cath' is MAX in AGGREGATE_DATE but SUM in AGGREGATE_ENC — must be in hybrid_categories. Currently declared as: unclassified. If left as SUM, LinePayment pays every line instead of one winner per date, causing overpayment invisible to reconciliation.
FATAL | HYBRID_MISS | 'ptca' is MAX in AGGREGATE_DATE but SUM in AGGREGATE_ENC — must be in hybrid_categories. Currently declared as: unclassified. If left as SUM, LinePayment pays every line instead of one winner per date, causing overpayment invisible to reconciliation.
FATAL | HYBRID_MISS | 'lithotripsy' is MAX in AGGREGATE_DATE but SUM in AGGREGATE_ENC — must be in hybrid_categories. Currently declared as: unclassified. If left as SUM, LinePayment pays every line instead of one winner per date, causing overpayment invisible to reconciliation.
FATAL | HYBRID_MISS | 'chemotherapy' is MAX in AGGREGATE_DATE but SUM in AGGREGATE_ENC — must be in hybrid_categories. Currently declared as: sum_categories. If left as SUM, LinePayment pays every line instead of one winner per date, causing overpayment invisible to reconciliation.
FATAL | HYBRID_MISS | 'iop' is MAX in AGGREGATE_DATE but SUM in AGGREGATE_ENC — must be in hybrid_categories. Currently declared as: max_categories. If left as SUM, LinePayment pays every line instead of one winner per date, causing overpayment invisible to reconciliation.
FATAL | HYBRID_MISS | 'partial_hospitalization' is MAX in AGGREGATE_DATE but SUM in AGGREGATE_ENC — must be in hybrid_categories. Currently declared as: max_categories. If left as SUM, LinePayment pays every line instead of one winner per date, causing overpayment invisible to reconciliation.
FATAL | HYBRID_MISS | 'observation' is MAX in AGGREGATE_DATE but SUM in AGGREGATE_ENC — must be in hybrid_categories. Currently declared as: max_categories. If left as SUM, LinePayment pays every line instead of one winner per date, causing overpayment invisible to reconciliation.
FATAL | HYBRID_MISS | 'psych' is MAX in AGGREGATE_DATE but SUM in AGGREGATE_ENC — must be in hybrid_categories. Currently declared as: max_categories. If left as SUM, LinePayment pays every line instead of one winner per date, causing overpayment invisible to reconciliation.
FATAL | HYBRID_MISS | 'ect' is MAX in AGGREGATE_DATE but SUM in AGGREGATE_ENC — must be in hybrid_categories. Currently declared as: max_categories. If left as SUM, LinePayment pays every line instead of one winner per date, causing overpayment invisible to reconciliation.
FATAL | HYBRID_MISS | 'home_health' is MAX in AGGREGATE_DATE but SUM in AGGREGATE_ENC — must be in hybrid_categories. Currently declared as: max_categories. If left as SUM, LinePayment pays every line instead of one winner per date, causing overpayment invisible to reconciliation.
FATAL | MAX_IS_SUM | 'psych' is in max_categories but AGGREGATE_ENC uses SUM(). Generated IIF(rn=1) logic will cause underpayment.
FATAL | MAX_IS_SUM | 'observation' is in max_categories but AGGREGATE_ENC uses SUM(). Generated IIF(rn=1) logic will cause underpayment.
FATAL | MAX_IS_SUM | 'home_health' is in max_categories but AGGREGATE_ENC uses SUM(). Generated IIF(rn=1) logic will cause underpayment.
FATAL | MAX_IS_SUM | 'ect' is in max_categories but AGGREGATE_ENC uses SUM(). Generated IIF(rn=1) logic will cause underpayment.
FATAL | MAX_IS_SUM | 'iop' is in max_categories but AGGREGATE_ENC uses SUM(). Generated IIF(rn=1) logic will cause underpayment.
FATAL | MAX_IS_SUM | 'partial_hospitalization' is in max_categories but AGGREGATE_ENC uses SUM(). Generated IIF(rn=1) logic will cause underpayment.
FATAL | SUM_IS_HYBRID | 'chemotherapy' is in sum_categories but evidence is AGGREGATE_DATE=MAX, AGGREGATE_ENC=SUM — this is HYBRID. Plain SUM LinePayment pays every line instead of one winner per date. Overpayment WILL NOT be caught by reconciliation.
FATAL | HYBRID_MISS | 'mammography_reduction' is MAX in AGGREGATE_DATE but SUM in AGGREGATE_ENC — must be in hybrid_categories. Currently declared as: unclassified. If left as SUM, LinePayment pays every line instead of one winner per date, causing overpayment invisible to reconciliation.
CLASSIFICATION_ABORT | Classification still has 1 fatal issue(s) after 3 retries — aborting file.
ERROR | NYP_COL_GHI_CBP_Commercial_OP_Complete.sql | Classification still has 1 fatal issue(s) after 3 retries — aborting file.
FATAL | HYBRID_MISS | 'cardiac_cath' is MAX in AGGREGATE_DATE but SUM in AGGREGATE_ENC — must be in hybrid_categories. Currently declared as: sum_categories. If left as SUM, LinePayment pays every line instead of one winner per date, causing overpayment invisible to reconciliation.
FATAL | HYBRID_MISS | 'ptca' is MAX in AGGREGATE_DATE but SUM in AGGREGATE_ENC — must be in hybrid_categories. Currently declared as: sum_categories. If left as SUM, LinePayment pays every line instead of one winner per date, causing overpayment invisible to reconciliation.
FATAL | HYBRID_MISS | 'lithotripsy' is MAX in AGGREGATE_DATE but SUM in AGGREGATE_ENC — must be in hybrid_categories. Currently declared as: sum_categories. If left as SUM, LinePayment pays every line instead of one winner per date, causing overpayment invisible to reconciliation.
FATAL | HYBRID_MISS | 'mammography_reduction' is MAX in AGGREGATE_DATE but SUM in AGGREGATE_ENC — must be in hybrid_categories. Currently declared as: unclassified. If left as SUM, LinePayment pays every line instead of one winner per date, causing overpayment invisible to reconciliation.
FATAL | HYBRID_WRONG | 'eps' is in hybrid_categories but evidence is AGGREGATE_DATE=MAX, AGGREGATE_ENC=MAX. Expected AGGREGATE_DATE=MAX, AGGREGATE_ENC=SUM.
FATAL | HYBRID_WRONG | 'gamma_knife' is in hybrid_categories but evidence is AGGREGATE_DATE=MAX, AGGREGATE_ENC=MAX. Expected AGGREGATE_DATE=MAX, AGGREGATE_ENC=SUM.
FATAL | SUM_IS_HYBRID | 'cardiac_cath' is in sum_categories but evidence is AGGREGATE_DATE=MAX, AGGREGATE_ENC=SUM — this is HYBRID. Plain SUM LinePayment pays every line instead of one winner per date. Overpayment WILL NOT be caught by reconciliation.
FATAL | SUM_IS_HYBRID | 'lithotripsy' is in sum_categories but evidence is AGGREGATE_DATE=MAX, AGGREGATE_ENC=SUM — this is HYBRID. Plain SUM LinePayment pays every line instead of one winner per date. Overpayment WILL NOT be caught by reconciliation.
FATAL | SUM_IS_HYBRID | 'ptca' is in sum_categories but evidence is AGGREGATE_DATE=MAX, AGGREGATE_ENC=SUM — this is HYBRID. Plain SUM LinePayment pays every line instead of one winner per date. Overpayment WILL NOT be caught by reconciliation.
FATAL | HYBRID_MISS | 'chemotherapy' is MAX in AGGREGATE_DATE but SUM in AGGREGATE_ENC — must be in hybrid_categories. Currently declared as: sum_categories. If left as SUM, LinePayment pays every line instead of one winner per date, causing overpayment invisible to reconciliation.
FATAL | HYBRID_MISS | 'iop' is MAX in AGGREGATE_DATE but SUM in AGGREGATE_ENC — must be in hybrid_categories. Currently declared as: max_categories. If left as SUM, LinePayment pays every line instead of one winner per date, causing overpayment invisible to reconciliation.
FATAL | HYBRID_MISS | 'partial_hospitalization' is MAX in AGGREGATE_DATE but SUM in AGGREGATE_ENC — must be in hybrid_categories. Currently declared as: max_categories. If left as SUM, LinePayment pays every line instead of one winner per date, causing overpayment invisible to reconciliation.
FATAL | HYBRID_MISS | 'observation' is MAX in AGGREGATE_DATE but SUM in AGGREGATE_ENC — must be in hybrid_categories. Currently declared as: max_categories. If left as SUM, LinePayment pays every line instead of one winner per date, causing overpayment invisible to reconciliation.
FATAL | HYBRID_MISS | 'psych' is MAX in AGGREGATE_DATE but SUM in AGGREGATE_ENC — must be in hybrid_categories. Currently declared as: max_categories. If left as SUM, LinePayment pays every line instead of one winner per date, causing overpayment invisible to reconciliation.
FATAL | HYBRID_MISS | 'ect' is MAX in AGGREGATE_DATE but SUM in AGGREGATE_ENC — must be in hybrid_categories. Currently declared as: max_categories. If left as SUM, LinePayment pays every line instead of one winner per date, causing overpayment invisible to reconciliation.
FATAL | HYBRID_MISS | 'home_health' is MAX in AGGREGATE_DATE but SUM in AGGREGATE_ENC — must be in hybrid_categories. Currently declared as: max_categories. If left as SUM, LinePayment pays every line instead of one winner per date, causing overpayment invisible to reconciliation.
FATAL | MAX_IS_SUM | 'partial_hospitalization' is in max_categories but AGGREGATE_ENC uses SUM(). Generated IIF(rn=1) logic will cause underpayment.
FATAL | MAX_IS_SUM | 'observation' is in max_categories but AGGREGATE_ENC uses SUM(). Generated IIF(rn=1) logic will cause underpayment.
FATAL | MAX_IS_SUM | 'ect' is in max_categories but AGGREGATE_ENC uses SUM(). Generated IIF(rn=1) logic will cause underpayment.
FATAL | MAX_IS_SUM | 'psych' is in max_categories but AGGREGATE_ENC uses SUM(). Generated IIF(rn=1) logic will cause underpayment.
FATAL | MAX_IS_SUM | 'home_health' is in max_categories but AGGREGATE_ENC uses SUM(). Generated IIF(rn=1) logic will cause underpayment.
FATAL | MAX_IS_SUM | 'iop' is in max_categories but AGGREGATE_ENC uses SUM(). Generated IIF(rn=1) logic will cause underpayment.
FATAL | SUM_IS_HYBRID | 'chemotherapy' is in sum_categories but evidence is AGGREGATE_DATE=MAX, AGGREGATE_ENC=SUM — this is HYBRID. Plain SUM LinePayment pays every line instead of one winner per date. Overpayment WILL NOT be caught by reconciliation.
FATAL | HYBRID_MISS | 'cardiac_cath' is MAX in AGGREGATE_DATE but SUM in AGGREGATE_ENC — must be in hybrid_categories. Currently declared as: sum_categories. If left as SUM, LinePayment pays every line instead of one winner per date, causing overpayment invisible to reconciliation.
FATAL | HYBRID_MISS | 'ptca' is MAX in AGGREGATE_DATE but SUM in AGGREGATE_ENC — must be in hybrid_categories. Currently declared as: sum_categories. If left as SUM, LinePayment pays every line instead of one winner per date, causing overpayment invisible to reconciliation.
FATAL | HYBRID_MISS | 'lithotripsy' is MAX in AGGREGATE_DATE but SUM in AGGREGATE_ENC — must be in hybrid_categories. Currently declared as: sum_categories. If left as SUM, LinePayment pays every line instead of one winner per date, causing overpayment invisible to reconciliation.
FATAL | SUM_IS_HYBRID | 'cardiac_cath' is in sum_categories but evidence is AGGREGATE_DATE=MAX, AGGREGATE_ENC=SUM — this is HYBRID. Plain SUM LinePayment pays every line instead of one winner per date. Overpayment WILL NOT be caught by reconciliation.
FATAL | SUM_IS_MAX | 'as' is in sum_categories but AGGREGATE_ENC uses MAX(). Plain SUM LinePayment will overpay.
FATAL | SUM_IS_HYBRID | 'ptca' is in sum_categories but evidence is AGGREGATE_DATE=MAX, AGGREGATE_ENC=SUM — this is HYBRID. Plain SUM LinePayment pays every line instead of one winner per date. Overpayment WILL NOT be caught by reconciliation.
FATAL | SUM_IS_HYBRID | 'lithotripsy' is in sum_categories but evidence is AGGREGATE_DATE=MAX, AGGREGATE_ENC=SUM — this is HYBRID. Plain SUM LinePayment pays every line instead of one winner per date. Overpayment WILL NOT be caught by reconciliation.
FATAL | INDICATOR_IN_MAX | 'covid' is in both indicator_flag_categories and max_categories. INDICATOR_FLAG categories must not appear in max_categories.
FATAL | HYBRID_MISS | 'chemotherapy' is MAX in AGGREGATE_DATE but SUM in AGGREGATE_ENC — must be in hybrid_categories. Currently declared as: sum_categories. If left as SUM, LinePayment pays every line instead of one winner per date, causing overpayment invisible to reconciliation.
FATAL | HYBRID_MISS | 'iop' is MAX in AGGREGATE_DATE but SUM in AGGREGATE_ENC — must be in hybrid_categories. Currently declared as: max_categories. If left as SUM, LinePayment pays every line instead of one winner per date, causing overpayment invisible to reconciliation.
FATAL | HYBRID_MISS | 'partial_hospitalization' is MAX in AGGREGATE_DATE but SUM in AGGREGATE_ENC — must be in hybrid_categories. Currently declared as: max_categories. If left as SUM, LinePayment pays every line instead of one winner per date, causing overpayment invisible to reconciliation.
FATAL | HYBRID_MISS | 'observation' is MAX in AGGREGATE_DATE but SUM in AGGREGATE_ENC — must be in hybrid_categories. Currently declared as: max_categories. If left as SUM, LinePayment pays every line instead of one winner per date, causing overpayment invisible to reconciliation.
FATAL | HYBRID_MISS | 'psych' is MAX in AGGREGATE_DATE but SUM in AGGREGATE_ENC — must be in hybrid_categories. Currently declared as: max_categories. If left as SUM, LinePayment pays every line instead of one winner per date, causing overpayment invisible to reconciliation.
FATAL | HYBRID_MISS | 'ect' is MAX in AGGREGATE_DATE but SUM in AGGREGATE_ENC — must be in hybrid_categories. Currently declared as: max_categories. If left as SUM, LinePayment pays every line instead of one winner per date, causing overpayment invisible to reconciliation.
FATAL | HYBRID_MISS | 'home_health' is MAX in AGGREGATE_DATE but SUM in AGGREGATE_ENC — must be in hybrid_categories. Currently declared as: max_categories. If left as SUM, LinePayment pays every line instead of one winner per date, causing overpayment invisible to reconciliation.
FATAL | HYBRID_MISS | 'mammography_reduction' is MAX in AGGREGATE_DATE but SUM in AGGREGATE_ENC — must be in hybrid_categories. Currently declared as: sum_categories. If left as SUM, LinePayment pays every line instead of one winner per date, causing overpayment invisible to reconciliation.
FATAL | MAX_IS_SUM | 'partial_hospitalization' is in max_categories but AGGREGATE_ENC uses SUM(). Generated IIF(rn=1) logic will cause underpayment.
FATAL | MAX_IS_SUM | 'observation' is in max_categories but AGGREGATE_ENC uses SUM(). Generated IIF(rn=1) logic will cause underpayment.
FATAL | MAX_IS_SUM | 'ect' is in max_categories but AGGREGATE_ENC uses SUM(). Generated IIF(rn=1) logic will cause underpayment.
FATAL | MAX_IS_SUM | 'psych' is in max_categories but AGGREGATE_ENC uses SUM(). Generated IIF(rn=1) logic will cause underpayment.
FATAL | MAX_IS_SUM | 'home_health' is in max_categories but AGGREGATE_ENC uses SUM(). Generated IIF(rn=1) logic will cause underpayment.
FATAL | MAX_IS_SUM | 'iop' is in max_categories but AGGREGATE_ENC uses SUM(). Generated IIF(rn=1) logic will cause underpayment.
FATAL | SUM_IS_HYBRID | 'mammography_reduction' is in sum_categories but evidence is AGGREGATE_DATE=MAX, AGGREGATE_ENC=SUM — this is HYBRID. Plain SUM LinePayment pays every line instead of one winner per date. Overpayment WILL NOT be caught by reconciliation.
FATAL | SUM_IS_HYBRID | 'chemotherapy' is in sum_categories but evidence is AGGREGATE_DATE=MAX, AGGREGATE_ENC=SUM — this is HYBRID. Plain SUM LinePayment pays every line instead of one winner per date. Overpayment WILL NOT be caught by reconciliation.
CLASSIFICATION_ABORT | Classification still has 17 fatal issue(s) after 3 retries — aborting file.
ERROR | NYP_COL_GHI_CBP_Commercial_OP_Complete.sql | Classification still has 17 fatal issue(s) after 3 retries — aborting file.
FATAL | INDICATOR_IN_MAX | 'covid' is in both indicator_flag_categories and max_categories. INDICATOR_FLAG categories must not appear in max_categories.
FATAL | HYBRID_MISS | 'cardiac_cath' is MAX in AGGREGATE_DATE but SUM in AGGREGATE_ENC — must be in hybrid_categories. Currently declared as: sum_categories. If left as SUM, LinePayment pays every line instead of one winner per date, causing overpayment invisible to reconciliation.
FATAL | HYBRID_MISS | 'ptca' is MAX in AGGREGATE_DATE but SUM in AGGREGATE_ENC — must be in hybrid_categories. Currently declared as: sum_categories. If left as SUM, LinePayment pays every line instead of one winner per date, causing overpayment invisible to reconciliation.
FATAL | HYBRID_MISS | 'lithotripsy' is MAX in AGGREGATE_DATE but SUM in AGGREGATE_ENC — must be in hybrid_categories. Currently declared as: sum_categories. If left as SUM, LinePayment pays every line instead of one winner per date, causing overpayment invisible to reconciliation.
FATAL | HYBRID_MISS | 'chemotherapy' is MAX in AGGREGATE_DATE but SUM in AGGREGATE_ENC — must be in hybrid_categories. Currently declared as: sum_categories. If left as SUM, LinePayment pays every line instead of one winner per date, causing overpayment invisible to reconciliation.
FATAL | HYBRID_MISS | 'iop' is MAX in AGGREGATE_DATE but SUM in AGGREGATE_ENC — must be in hybrid_categories. Currently declared as: max_categories. If left as SUM, LinePayment pays every line instead of one winner per date, causing overpayment invisible to reconciliation.
FATAL | HYBRID_MISS | 'partial_hospitalization' is MAX in AGGREGATE_DATE but SUM in AGGREGATE_ENC — must be in hybrid_categories. Currently declared as: max_categories. If left as SUM, LinePayment pays every line instead of one winner per date, causing overpayment invisible to reconciliation.
FATAL | HYBRID_MISS | 'observation' is MAX in AGGREGATE_DATE but SUM in AGGREGATE_ENC — must be in hybrid_categories. Currently declared as: max_categories. If left as SUM, LinePayment pays every line instead of one winner per date, causing overpayment invisible to reconciliation.
FATAL | HYBRID_MISS | 'psych' is MAX in AGGREGATE_DATE but SUM in AGGREGATE_ENC — must be in hybrid_categories. Currently declared as: max_categories. If left as SUM, LinePayment pays every line instead of one winner per date, causing overpayment invisible to reconciliation.
FATAL | HYBRID_MISS | 'ect' is MAX in AGGREGATE_DATE but SUM in AGGREGATE_ENC — must be in hybrid_categories. Currently declared as: max_categories. If left as SUM, LinePayment pays every line instead of one winner per date, causing overpayment invisible to reconciliation.
FATAL | HYBRID_MISS | 'home_health' is MAX in AGGREGATE_DATE but SUM in AGGREGATE_ENC — must be in hybrid_categories. Currently declared as: max_categories. If left as SUM, LinePayment pays every line instead of one winner per date, causing overpayment invisible to reconciliation.
FATAL | HYBRID_WRONG | 'as' is in hybrid_categories but evidence is AGGREGATE_DATE=MAX, AGGREGATE_ENC=MAX. Expected AGGREGATE_DATE=MAX, AGGREGATE_ENC=SUM.
FATAL | MAX_IS_SUM | 'ect' is in max_categories but AGGREGATE_ENC uses SUM(). Generated IIF(rn=1) logic will cause underpayment.
FATAL | MAX_IS_SUM | 'observation' is in max_categories but AGGREGATE_ENC uses SUM(). Generated IIF(rn=1) logic will cause underpayment.
FATAL | MAX_IS_SUM | 'psych' is in max_categories but AGGREGATE_ENC uses SUM(). Generated IIF(rn=1) logic will cause underpayment.
FATAL | MAX_IS_SUM | 'iop' is in max_categories but AGGREGATE_ENC uses SUM(). Generated IIF(rn=1) logic will cause underpayment.
FATAL | MAX_IS_SUM | 'partial_hospitalization' is in max_categories but AGGREGATE_ENC uses SUM(). Generated IIF(rn=1) logic will cause underpayment.
FATAL | MAX_IS_SUM | 'home_health' is in max_categories but AGGREGATE_ENC uses SUM(). Generated IIF(rn=1) logic will cause underpayment.
FATAL | SUM_IS_HYBRID | 'ptca' is in sum_categories but evidence is AGGREGATE_DATE=MAX, AGGREGATE_ENC=SUM — this is HYBRID. Plain SUM LinePayment pays every line instead of one winner per date. Overpayment WILL NOT be caught by reconciliation.
FATAL | SUM_IS_HYBRID | 'chemotherapy' is in sum_categories but evidence is AGGREGATE_DATE=MAX, AGGREGATE_ENC=SUM — this is HYBRID. Plain SUM LinePayment pays every line instead of one winner per date. Overpayment WILL NOT be caught by reconciliation.
FATAL | SUM_IS_HYBRID | 'lithotripsy' is in sum_categories but evidence is AGGREGATE_DATE=MAX, AGGREGATE_ENC=SUM — this is HYBRID. Plain SUM LinePayment pays every line instead of one winner per date. Overpayment WILL NOT be caught by reconciliation.
FATAL | SUM_IS_HYBRID | 'cardiac_cath' is in sum_categories but evidence is AGGREGATE_DATE=MAX, AGGREGATE_ENC=SUM — this is HYBRID. Plain SUM LinePayment pays every line instead of one winner per date. Overpayment WILL NOT be caught by reconciliation.
INSERTION 1 | phase=cleanup_drop anchor_line=20 ends_line=24 in=39344 out=191 time=3.81 cost=0.1315 success=True lines=4
LB_COLUMNS | ['EncounterID', 'Sequence', 'ProcedureCode', 'RevenueCode', 'ServiceDate', 'BilledAmount', 'Quantity', 'ServiceCategory', 'PricingMethod', 'LinePayment', 'BundledByNCCI']
INSERTION 2 | phase=breakdown_block anchor_line=686 ends_line=1297 in=42693 out=12501 time=137.24 cost=0.3262 success=True lines=611
INSERTION 3 | phase=final_join_detail_column anchor_line=1535 ends_line=1549 in=50995 out=443 time=8.55 cost=0.1703 success=True lines=14
INSERTION 4 | phase=auditor_queries anchor_line=1587 ends_line=1662 in=51268 out=1101 time=17.33 cost=0.1810 success=True lines=75
FILE_SUMMARY | NYP_COL_GHI_CBP_Commercial_OP_Complete.sql | insertions=4 success=4 failed=0 input=259775 output=16869 time=202.31 cost=1.0856
FATAL | INDICATOR_IN_MAX | 'covid' is in both indicator_flag_categories and max_categories. INDICATOR_FLAG categories must not appear in max_categories.
FATAL | HYBRID_MISS | 'cardiac_cath' is MAX in AGGREGATE_DATE but SUM in AGGREGATE_ENC — must be in hybrid_categories. Currently declared as: sum_categories. If left as SUM, LinePayment pays every line instead of one winner per date, causing overpayment invisible to reconciliation.
FATAL | HYBRID_MISS | 'ptca' is MAX in AGGREGATE_DATE but SUM in AGGREGATE_ENC — must be in hybrid_categories. Currently declared as: sum_categories. If left as SUM, LinePayment pays every line instead of one winner per date, causing overpayment invisible to reconciliation.
FATAL | HYBRID_MISS | 'lithotripsy' is MAX in AGGREGATE_DATE but SUM in AGGREGATE_ENC — must be in hybrid_categories. Currently declared as: sum_categories. If left as SUM, LinePayment pays every line instead of one winner per date, causing overpayment invisible to reconciliation.
FATAL | HYBRID_MISS | 'chemotherapy' is MAX in AGGREGATE_DATE but SUM in AGGREGATE_ENC — must be in hybrid_categories. Currently declared as: sum_categories. If left as SUM, LinePayment pays every line instead of one winner per date, causing overpayment invisible to reconciliation.
FATAL | HYBRID_MISS | 'iop' is MAX in AGGREGATE_DATE but SUM in AGGREGATE_ENC — must be in hybrid_categories. Currently declared as: max_categories. If left as SUM, LinePayment pays every line instead of one winner per date, causing overpayment invisible to reconciliation.
FATAL | HYBRID_MISS | 'partial_hospitalization' is MAX in AGGREGATE_DATE but SUM in AGGREGATE_ENC — must be in hybrid_categories. Currently declared as: max_categories. If left as SUM, LinePayment pays every line instead of one winner per date, causing overpayment invisible to reconciliation.
FATAL | HYBRID_MISS | 'observation' is MAX in AGGREGATE_DATE but SUM in AGGREGATE_ENC — must be in hybrid_categories. Currently declared as: max_categories. If left as SUM, LinePayment pays every line instead of one winner per date, causing overpayment invisible to reconciliation.
FATAL | HYBRID_MISS | 'psych' is MAX in AGGREGATE_DATE but SUM in AGGREGATE_ENC — must be in hybrid_categories. Currently declared as: max_categories. If left as SUM, LinePayment pays every line instead of one winner per date, causing overpayment invisible to reconciliation.
FATAL | HYBRID_MISS | 'ect' is MAX in AGGREGATE_DATE but SUM in AGGREGATE_ENC — must be in hybrid_categories. Currently declared as: max_categories. If left as SUM, LinePayment pays every line instead of one winner per date, causing overpayment invisible to reconciliation.
FATAL | HYBRID_MISS | 'home_health' is MAX in AGGREGATE_DATE but SUM in AGGREGATE_ENC — must be in hybrid_categories. Currently declared as: max_categories. If left as SUM, LinePayment pays every line instead of one winner per date, causing overpayment invisible to reconciliation.
FATAL | MAX_IS_SUM | 'iop' is in max_categories but AGGREGATE_ENC uses SUM(). Generated IIF(rn=1) logic will cause underpayment.
FATAL | MAX_IS_SUM | 'psych' is in max_categories but AGGREGATE_ENC uses SUM(). Generated IIF(rn=1) logic will cause underpayment.
FATAL | MAX_IS_SUM | 'ect' is in max_categories but AGGREGATE_ENC uses SUM(). Generated IIF(rn=1) logic will cause underpayment.
FATAL | MAX_IS_SUM | 'home_health' is in max_categories but AGGREGATE_ENC uses SUM(). Generated IIF(rn=1) logic will cause underpayment.
FATAL | MAX_IS_SUM | 'observation' is in max_categories but AGGREGATE_ENC uses SUM(). Generated IIF(rn=1) logic will cause underpayment.
FATAL | MAX_IS_SUM | 'partial_hospitalization' is in max_categories but AGGREGATE_ENC uses SUM(). Generated IIF(rn=1) logic will cause underpayment.
FATAL | SUM_IS_HYBRID | 'cardiac_cath' is in sum_categories but evidence is AGGREGATE_DATE=MAX, AGGREGATE_ENC=SUM — this is HYBRID. Plain SUM LinePayment pays every line instead of one winner per date. Overpayment WILL NOT be caught by reconciliation.
FATAL | SUM_IS_HYBRID | 'ptca' is in sum_categories but evidence is AGGREGATE_DATE=MAX, AGGREGATE_ENC=SUM — this is HYBRID. Plain SUM LinePayment pays every line instead of one winner per date. Overpayment WILL NOT be caught by reconciliation.
FATAL | SUM_IS_HYBRID | 'lithotripsy' is in sum_categories but evidence is AGGREGATE_DATE=MAX, AGGREGATE_ENC=SUM — this is HYBRID. Plain SUM LinePayment pays every line instead of one winner per date. Overpayment WILL NOT be caught by reconciliation.
FATAL | SUM_IS_HYBRID | 'chemotherapy' is in sum_categories but evidence is AGGREGATE_DATE=MAX, AGGREGATE_ENC=SUM — this is HYBRID. Plain SUM LinePayment pays every line instead of one winner per date. Overpayment WILL NOT be caught by reconciliation.
FATAL | WINDOW_REDUCTION_IS_HYBRID | 'AS' is a WINDOW_REDUCTION category with lead_partition_by= 'EncounterID_only' but is in hybrid_categories. WINDOW_REDUCTION categories with EncounterID-only LEAD must be in max_categories (PARTITION BY [EncounterID] in #bRanked). Using HYBRID partition produces mismatched slot rankings and wrong LinePayment values.
FATAL | WINDOW_REDUCTION_IS_HYBRID | 'Mammography_Reduction' is a WINDOW_REDUCTION category with lead_partition_by= 'EncounterID_only' but is in hybrid_categories. WINDOW_REDUCTION categories with EncounterID-only LEAD must be in max_categories (PARTITION BY [EncounterID] in #bRanked). Using HYBRID partition produces mismatched slot rankings and wrong LinePayment values.
INSERTION 1 | phase=cleanup_drop anchor_line=20 ends_line=24 in=39344 out=191 time=4.02 cost=0.1315 success=True lines=4
LB_COLUMNS | ['EncounterID', 'Sequence', 'ProcedureCode', 'RevenueCode', 'ServiceDate', 'BilledAmount', 'Quantity', 'ServiceCategory', 'PricingMethod', 'LinePayment', 'BundledByNCCI']
INSERTION 2 | phase=breakdown_block anchor_line=686 ends_line=1251 in=42674 out=13953 time=163.91 cost=0.3480 success=True lines=565
INSERTION 3 | phase=final_join_detail_column anchor_line=1489 ends_line=1503 in=50414 out=445 time=7.90 cost=0.1686 success=True lines=14
INSERTION 4 | phase=auditor_queries anchor_line=1541 ends_line=1615 in=50681 out=1088 time=17.49 cost=0.1790 success=True lines=74
FILE_SUMMARY | NYP_COL_GHI_CBP_Commercial_OP_Complete.sql | insertions=4 success=4 failed=0 input=258588 output=18262 time=225.02 cost=1.1029
INSERTION 1 | phase=cleanup_drop anchor_line=20 ends_line=24 in=41030 out=191 time=4.74 cost=0.1366 success=True lines=4
RN_CONSISTENCY_FAIL | ['rn_CAT']
RN_CONSISTENCY_FAIL_RETRY | ['rn_CAT']
LB_COLUMNS | ['EncounterID', 'Sequence', 'ProcedureCode', 'RevenueCode', 'ServiceDate', 'BilledAmount', 'Quantity', 'BillCharges', 'ServiceCategory', 'PricingMethod', 'LinePayment', 'BundledByNCCI']
INSERTION 2 | phase=breakdown_block anchor_line=686 ends_line=1279 in=45003 out=12540 time=141.05 cost=0.3338 success=True lines=593
INSERTION 3 | phase=final_join_detail_column anchor_line=1517 ends_line=1530 in=53216 out=399 time=8.41 cost=0.1763 success=True lines=13
INSERTION 4 | phase=auditor_queries anchor_line=1568 ends_line=1643 in=53452 out=1088 time=17.67 cost=0.1873 success=True lines=75
FILE_SUMMARY | NYP_COL_GHI_CBP_Commercial_OP_Complete.sql | insertions=4 success=4 failed=0 input=315232 output=31436 time=375.34 cost=1.4918
